Gas Station refuelling
Car 0 arrived at gas station at 87.0 seconds
Car 0 finished refueling at 105.5 seconds.
Car 1 arrived at gas station at 129.0 seconds
Car 1 finished refueling at 148.0 seconds.
Car 2 arrived at gas station at 284.0 seconds
Car 2 finished refueling at 305.0 seconds.
Car 3 arrived at gas station at 385.0 seconds
Car 3 finished refueling at 398.5 seconds.
Car 4 arrived at gas station at 459.0 seconds
Calling tank truck at 460.0 seconds
Car 4 finished refueling at 481.0 seconds.
Car 5 arrived at gas station at 705.0 seconds
Car 6 arrived at gas station at 750.0 seconds
Tank truck arrived at 760.0 seconds
Tank truck refuelled station with 188.0 liters.
Car 6 finished refueling at 779.0 seconds.
Car 5 finished refueling at 781.5 seconds.
Car 7 arrived at gas station at 891.0 seconds
Car 7 finished refueling at 904.0 seconds.
